#
# A fatal error has been detected by the Java Runtime Environment:
#
#  EXCEPTION_ACCESS_VIOLATION (0xc0000005) at pc=0x00007ff9e2065683, pid=4364, tid=1348
#
# JRE version: OpenJDK Runtime Environment Corretto-17.0.5.8.1 (17.0.5+8) (build 17.0.5+8-LTS)
# Java VM: OpenJDK 64-Bit Server VM Corretto-17.0.5.8.1 (17.0.5+8-LTS, mixed mode, sharing, tiered, compressed oops, compressed class ptrs, g1 gc, windows-amd64)
# Problematic frame:
# C  [ig9icd64.dll+0x85683]
#
# No core dump will be written. Minidumps are not enabled by default on client versions of Windows
#
# If you would like to submit a bug report, please visit:
#   https://github.com/corretto/corretto-17/issues/
# The crash happened outside the Java Virtual Machine in native code.
# See problematic frame for where to report the bug.
#

---------------  S U M M A R Y ------------

Command Line: -Dfile.encoding=windows-1252 -Duser.country=IN -Duser.language=en -Duser.variant com.prototype.game.DesktopLauncher

Host: Intel(R) Core(TM) i5-6200U CPU @ 2.30GHz, 4 cores, 7G,  Windows 11 , 64 bit Build 22000 (10.0.22000.1219)
Time: Fri Nov 18 18:32:02 2022 India Standard Time elapsed time: 2.325622 seconds (0d 0h 0m 2s)

---------------  T H R E A D  ---------------

Current thread (0x000001cd04cb6b00):  JavaThread "main" [_thread_in_native, id=1348, stack(0x0000006e88200000,0x0000006e88300000)]

Stack: [0x0000006e88200000,0x0000006e88300000],  sp=0x0000006e882fea28,  free space=1018k
Native frames: (J=compiled Java code, j=interpreted, Vv=VM code, C=native code)
C  [ig9icd64.dll+0x85683]

Java frames: (J=compiled Java code, j=interpreted, Vv=VM code)
J 1047  org.lwjgl.opengl.GL11C.nglDrawElements(IIIJ)V (0 bytes) @ 0x000001cd15ac5876 [0x000001cd15ac5820+0x0000000000000056]
j  org.lwjgl.opengl.GL11C.glDrawElements(ILjava/nio/ShortBuffer;)V+12
J 1041 c1 com.badlogic.gdx.backends.lwjgl3.Lwjgl3GL20.glDrawElements(IIILjava/nio/Buffer;)V (232 bytes) @ 0x000001cd0e6f42a4 [0x000001cd0e6f2ec0+0x00000000000013e4]
J 1009 c1 com.badlogic.gdx.graphics.Mesh.render(Lcom/badlogic/gdx/graphics/glutils/ShaderProgram;IIIZ)V (323 bytes) @ 0x000001cd0e6e31e4 [0x000001cd0e6e2c60+0x0000000000000584]
J 1030 c1 com.badlogic.gdx.graphics.Mesh.render(Lcom/badlogic/gdx/graphics/glutils/ShaderProgram;III)V (14 bytes) @ 0x000001cd0e6eb014 [0x000001cd0e6eafa0+0x0000000000000074]
J 1005 c1 com.badlogic.gdx.graphics.g2d.SpriteBatch.flush()V (193 bytes) @ 0x000001cd0e6e12e4 [0x000001cd0e6e0680+0x0000000000000c64]
j  com.badlogic.gdx.graphics.g2d.SpriteBatch.end()V+25
j  com.prototype.game.Screens.PlayScreen.render(F)V+101
j  com.badlogic.gdx.Game.render()V+19
j  com.prototype.game.TenkStars.render()V+1
j  com.badlogic.gdx.backends.lwjgl3.Lwjgl3Window.update()Z+187
j  com.badlogic.gdx.backends.lwjgl3.Lwjgl3Application.loop()V+111
j  com.badlogic.gdx.backends.lwjgl3.Lwjgl3Application.<init>(Lcom/badlogic/gdx/ApplicationListener;Lcom/badlogic/gdx/backends/lwjgl3/Lwjgl3ApplicationConfiguration;)V+269
j  com.prototype.game.DesktopLauncher.main([Ljava/lang/String;)V+32
v  ~StubRoutines::call_stub

siginfo: EXCEPTION_ACCESS_VIOLATION (0xc0000005), reading address 0x000001cd270ec970


Register to memory mapping:

RIP=0x00007ff9e2065683 ig9icd64.dll
RAX=0x000000000000008f is an unknown value
RBX=0x000000000000ffff is an unknown value
RCX=0x000001cd2bfb5dc0 points into unknown readable memory: 0x0002000200010000 | 00 00 01 00 02 00 02 00
RDX=0x000001cd270ec970 is an unknown value
RSP=0x0000006e882fea28 is pointing into the stack for thread: 0x000001cd04cb6b00
RBP=0x0000000000060000 is an unknown value
RSI=0x0000006e882feaa0 is pointing into the stack for thread: 0x000001cd04cb6b00
RDI=0x0 is NULL
R8 =0x000000000000000c is an unknown value
R9 =0x0000006e882feaa0 is pointing into the stack for thread: 0x000001cd04cb6b00
R10=0x0000000004ec9450 is an unknown value
R11=0x0000000000000006 is an unknown value
R12=0x000000000000000c is an unknown value
R13=0x0000006e882fec98 is pointing into the stack for thread: 0x000001cd04cb6b00
R14=0x000001cd277a7060 points into unknown readable memory: 0x000001cd2bfb5dc0 | c0 5d fb 2b cd 01 00 00
R15=0x000001cd2755fad0 points into unknown readable memory: 0x000001cd270ec970 | 70 c9 0e 27 cd 01 00 00


Registers:
RAX=0x000000000000008f, RBX=0x000000000000ffff, RCX=0x000001cd2bfb5dc0, RDX=0x000001cd270ec970
RSP=0x0000006e882fea28, RBP=0x0000000000060000, RSI=0x0000006e882feaa0, RDI=0x0000000000000000
R8 =0x000000000000000c, R9 =0x0000006e882feaa0, R10=0x0000000004ec9450, R11=0x0000000000000006
R12=0x000000000000000c, R13=0x0000006e882fec98, R14=0x000001cd277a7060, R15=0x000001cd2755fad0
RIP=0x00007ff9e2065683, EFLAGS=0x0000000000010206

Top of Stack: (sp=0x0000006e882fea28)
0x0000006e882fea28:   00007ff9e2067ea6 000001cd2bfb5dc0
0x0000006e882fea38:   000001cd27539f80 0000000000000006
0x0000006e882fea48:   0000000000000000 0000006e882feab0
0x0000006e882fea58:   0004014200110004 0000000000000004
0x0000006e882fea68:   00007ff9e207ace7 0000000000001403
0x0000006e882fea78:   0000000000000000 0000000000000004
0x0000006e882fea88:   0000000000000006 0000000000000006
0x0000006e882fea98:   00007ff9e2287f86 000001cd278ceac0
0x0000006e882feaa8:   000001cd27539f80 000001cd276e2f08
0x0000006e882feab8:   0000000000000004 0000000000000001
0x0000006e882feac8:   00007ff9e21d6be4 000001cd27539f80
0x0000006e882fead8:   0000000000000000 0000000000000006
0x0000006e882feae8:   0000000000000006 0000000000000002
0x0000006e882feaf8:   0000000000000006 000001cd27539f80
0x0000006e882feb08:   00007ff9e24d7814 0000000000000004
0x0000006e882feb18:   0000000000000001 0000000000001403 

Instructions: (pc=0x00007ff9e2065683)
0x00007ff9e2065583:   02 48 83 c2 10 49 83 c2 10 f3 41 0f 7f 42 f0 66
0x00007ff9e2065593:   0f f9 c3 66 0f ea c8 66 0f ee d0 48 ff c9 75 dd
0x00007ff9e20655a3:   66 0f fd cb 66 0f fd d3 66 0f c5 c1 00 66 0f c5
0x00007ff9e20655b3:   c9 01 66 44 0f c5 c1 06 66 3b d8 66 0f 46 c3 66
0x00007ff9e20655c3:   3b c1 66 0f 46 c8 66 0f c5 c1 02 66 3b c8 66 0f
0x00007ff9e20655d3:   46 c1 66 0f c5 c9 03 66 3b c1 66 0f 46 c8 66 0f
0x00007ff9e20655e3:   c5 c1 04 66 3b c8 66 0f 46 c1 66 0f c5 c9 05 66
0x00007ff9e20655f3:   3b c1 66 0f 46 c8 66 0f c5 c1 07 66 41 3b c8 66
0x00007ff9e2065603:   44 0f 46 c1 66 0f c5 ca 01 66 44 3b c0 66 41 0f
0x00007ff9e2065613:   46 c0 66 44 0f c5 c2 06 0f b7 d8 66 0f c5 c2 00
0x00007ff9e2065623:   66 3b f8 66 0f 43 c7 66 3b c1 66 0f 43 c8 66 0f
0x00007ff9e2065633:   c5 c2 02 66 3b c8 66 0f 43 c1 66 0f c5 ca 03 66
0x00007ff9e2065643:   3b c1 66 0f 43 c8 66 0f c5 c2 04 66 3b c8 66 0f
0x00007ff9e2065653:   43 c1 66 0f c5 ca 05 66 3b c1 66 0f 43 c8 66 0f
0x00007ff9e2065663:   c5 c2 07 66 41 3b c8 66 44 0f 43 c1 66 44 3b c0
0x00007ff9e2065673:   66 41 0f 43 c0 0f b7 f8 4d 85 db 74 2c 4c 2b d2
0x00007ff9e2065683:   0f b7 0a 48 8d 52 02 66 3b d9 0f b7 c1 66 41 89
0x00007ff9e2065693:   4c 12 fe 66 0f 46 c3 66 3b f9 66 0f 43 cf 0f b7
0x00007ff9e20656a3:   d8 0f b7 f9 49 ff cb 75 d7 48 8b 44 24 28 66 89
0x00007ff9e20656b3:   1e 48 8b 5c 24 08 48 8b 74 24 10 66 89 38 48 8b
0x00007ff9e20656c3:   7c 24 18 c3 cc cc cc cc cc cc cc cc cc 48 89 5c
0x00007ff9e20656d3:   24 18 57 48 83 ec 50 0f b6 c2 45 8b d8 48 89 6c
0x00007ff9e20656e3:   24 60 33 ed f6 d0 49 d1 eb 4c 8b d1 bf ff ff 00
0x00007ff9e20656f3:   00 0f b7 dd a8 01 0f 84 8d 02 00 00 83 bc 24 90
0x00007ff9e2065703:   00 00 00 06 0f 8c 7f 02 00 00 0f 18 42 20 0f 18
0x00007ff9e2065713:   42 40 49 83 fb 08 0f 82 6d 02 00 00 48 89 74 24
0x00007ff9e2065723:   68 8d 72 0f 83 e6 f0 2b f2 48 d1 ee 74 44 48 85
0x00007ff9e2065733:   f6 74 3c 4c 8b c6 0f 1f 80 00 00 00 00 0f b7 0a
0x00007ff9e2065743:   49 83 c2 02 48 83 c2 02 66 41 89 4a fe 66 41 3b
0x00007ff9e2065753:   c9 74 17 66 3b f9 0f b7 c1 66 0f 46 c7 66 3b d9
0x00007ff9e2065763:   66 0f 43 cb 0f b7 f8 0f b7 d9 49 ff c8 75 ce 4c
0x00007ff9e2065773:   2b de 48 8b 74 24 68 49 83 fb 08 0f 82 08 02 00 


Stack slot to memory mapping:
stack at sp + 0 slots: 0x00007ff9e2067ea6 ig9icd64.dll
stack at sp + 1 slots: 0x000001cd2bfb5dc0 points into unknown readable memory: 0x0002000200010000 | 00 00 01 00 02 00 02 00
stack at sp + 2 slots: 0x000001cd27539f80 points into unknown readable memory: 0x000001cd272ed880 | 80 d8 2e 27 cd 01 00 00
stack at sp + 3 slots: 0x0000000000000006 is an unknown value
stack at sp + 4 slots: 0x0 is NULL
stack at sp + 5 slots: 0x0000006e882feab0 is pointing into the stack for thread: 0x000001cd04cb6b00
stack at sp + 6 slots: 0x0004014200110004 is an unknown value
stack at sp + 7 slots: 0x0000000000000004 is an unknown value


---------------  P R O C E S S  ---------------

Threads class SMR info:
_java_thread_list=0x000001cd27830190, length=13, elements={
0x000001cd04cb6b00, 0x000001cd24679850, 0x000001cd2467a400, 0x000001cd24698c60,
0x000001cd24699610, 0x000001cd24699fc0, 0x000001cd2469a970, 0x000001cd2469b700,
0x000001cd247069e0, 0x000001cd25108070, 0x000001cd251c5220, 0x000001cd251d5550,
0x000001cd277cdd50
}

Java Threads: ( => current thread )
=>0x000001cd04cb6b00 JavaThread "main" [_thread_in_native, id=1348, stack(0x0000006e88200000,0x0000006e88300000)]
  0x000001cd24679850 JavaThread "Reference Handler" daemon [_thread_blocked, id=1632, stack(0x0000006e88900000,0x0000006e88a00000)]
  0x000001cd2467a400 JavaThread "Finalizer" daemon [_thread_blocked, id=6836, stack(0x0000006e88a00000,0x0000006e88b00000)]
  0x000001cd24698c60 JavaThread "Signal Dispatcher" daemon [_thread_blocked, id=7640, stack(0x0000006e88b00000,0x0000006e88c00000)]
  0x000001cd24699610 JavaThread "Attach Listener" daemon [_thread_blocked, id=16200, stack(0x0000006e88c00000,0x0000006e88d00000)]
  0x000001cd24699fc0 JavaThread "Service Thread" daemon [_thread_blocked, id=3640, stack(0x0000006e88d00000,0x0000006e88e00000)]
  0x000001cd2469a970 JavaThread "Monitor Deflation Thread" daemon [_thread_blocked, id=15452, stack(0x0000006e88e00000,0x0000006e88f00000)]
  0x000001cd2469b700 JavaThread "C2 CompilerThread0" daemon [_thread_blocked, id=9896, stack(0x0000006e88f00000,0x0000006e89000000)]
  0x000001cd247069e0 JavaThread "C1 CompilerThread0" daemon [_thread_blocked, id=1548, stack(0x0000006e89000000,0x0000006e89100000)]
  0x000001cd25108070 JavaThread "Sweeper thread" daemon [_thread_blocked, id=14296, stack(0x0000006e89100000,0x0000006e89200000)]
  0x000001cd251c5220 JavaThread "Notification Thread" daemon [_thread_blocked, id=16724, stack(0x0000006e89200000,0x0000006e89300000)]
  0x000001cd251d5550 JavaThread "Common-Cleaner" daemon [_thread_blocked, id=9532, stack(0x0000006e89400000,0x0000006e89500000)]
  0x000001cd277cdd50 JavaThread "LWJGL3 Timer" daemon [_thread_blocked, id=17128, stack(0x0000006e8a200000,0x0000006e8a300000)]

Other Threads:
  0x000001cd246739a0 VMThread "VM Thread" [stack: 0x0000006e88800000,0x0000006e88900000] [id=13096]
  0x000001cd251cd710 WatcherThread [stack: 0x0000006e89300000,0x0000006e89400000] [id=8904]
  0x000001cd04d120a0 GCTaskThread "GC Thread#0" [stack: 0x0000006e88300000,0x0000006e88400000] [id=14060]
  0x000001cd27820d00 GCTaskThread "GC Thread#1" [stack: 0x0000006e89f00000,0x0000006e8a000000] [id=4088]
  0x000001cd2767f150 GCTaskThread "GC Thread#2" [stack: 0x0000006e8a000000,0x0000006e8a100000] [id=11892]
  0x000001cd27708630 GCTaskThread "GC Thread#3" [stack: 0x0000006e8a100000,0x0000006e8a200000] [id=340]
  0x000001cd04d22d00 ConcurrentGCThread "G1 Main Marker" [stack: 0x0000006e88400000,0x0000006e88500000] [id=15444]
  0x000001cd04d23f50 ConcurrentGCThread "G1 Conc#0" [stack: 0x0000006e88500000,0x0000006e88600000] [id=9564]
  0x000001cd245304a0 ConcurrentGCThread "G1 Refine#0" [stack: 0x0000006e88600000,0x0000006e88700000] [id=13592]
  0x000001cd24531d70 ConcurrentGCThread "G1 Service" [stack: 0x0000006e88700000,0x0000006e88800000] [id=9540]

Threads with active compile tasks:

VM state: not at safepoint (normal execution)

VM Mutex/Monitor currently owned by a thread: None

Heap address: 0x0000000082200000, size: 2014 MB, Compressed Oops mode: 32-bit

CDS archive(s) mapped at: [0x0000000800000000-0x0000000800bc0000-0x0000000800bc0000), size 12320768, SharedBaseAddress: 0x0000000800000000, ArchiveRelocationMode: 0.
Compressed class space mapped at: 0x0000000800c00000-0x0000000840c00000, reserved size: 1073741824
Narrow klass base: 0x0000000800000000, Narrow klass shift: 0, Narrow klass range: 0x100000000

GC Precious Log:
 CPUs: 4 total, 4 available
 Memory: 8050M
 Large Page Support: Disabled
 NUMA Support: Disabled
 Compressed Oops: Enabled (32-bit)
 Heap Region Size: 1M
 Heap Min Capacity: 8M
 Heap Initial Capacity: 126M
 Heap Max Capacity: 2014M
 Pre-touch: Disabled
 Parallel Workers: 4
 Concurrent Workers: 1
 Concurrent Refinement Workers: 4
 Periodic GC: Disabled

Heap:
 garbage-first heap   total 129024K, used 11531K [0x0000000082200000, 0x0000000100000000)
  region size 1024K, 12 young (12288K), 2 survivors (2048K)
 Metaspace       used 6381K, committed 6464K, reserved 1064960K
  class space    used 477K, committed 512K, reserved 1048576K

Heap Regions: E=young(eden), S=young(survivor), O=old, HS=humongous(starts), HC=humongous(continues), CS=collection set, F=free, OA=open archive, CA=closed archive, TAMS=top-at-mark-start (previous, next)
|   0|0x0000000082200000, 0x0000000082242c00, 0x0000000082300000| 26%| O|  |TAMS 0x0000000082200000, 0x0000000082200000| Untracked 
|   1|0x0000000082300000, 0x0000000082300000, 0x0000000082400000|  0%| F|  |TAMS 0x0000000082300000, 0x0000000082300000| Untracked 
|   2|0x0000000082400000, 0x0000000082400000, 0x0000000082500000|  0%| F|  |TAMS 0x0000000082400000, 0x0000000082400000| Untracked 
|   3|0x0000000082500000, 0x0000000082500000, 0x0000000082600000|  0%| F|  |TAMS 0x0000000082500000, 0x0000000082500000| Untracked 
|   4|0x0000000082600000, 0x0000000082600000, 0x0000000082700000|  0%| F|  |TAMS 0x0000000082600000, 0x0000000082600000| Untracked 
|   5|0x0000000082700000, 0x0000000082700000, 0x0000000082800000|  0%| F|  |TAMS 0x0000000082700000, 0x0000000082700000| Untracked 
|   6|0x0000000082800000, 0x0000000082800000, 0x0000000082900000|  0%| F|  |TAMS 0x0000000082800000, 0x0000000082800000| Untracked 
|   7|0x0000000082900000, 0x0000000082900000, 0x0000000082a00000|  0%| F|  |TAMS 0x0000000082900000, 0x0000000082900000| Untracked 
|   8|0x0000000082a00000, 0x0000000082a00000, 0x0000000082b00000|  0%| F|  |TAMS 0x0000000082a00000, 0x0000000082a00000| Untracked 
|   9|0x0000000082b00000, 0x0000000082b00000, 0x0000000082c00000|  0%| F|  |TAMS 0x0000000082b00000, 0x0000000082b00000| Untracked 
|  10|0x0000000082c00000, 0x0000000082c00000, 0x0000000082d00000|  0%| F|  |TAMS 0x0000000082c00000, 0x0000000082c00000| Untracked 
|  11|0x0000000082d00000, 0x0000000082d00000, 0x0000000082e00000|  0%| F|  |TAMS 0x0000000082d00000, 0x0000000082d00000| Untracked 
|  12|0x0000000082e00000, 0x0000000082e00000, 0x0000000082f00000|  0%| F|  |TAMS 0x0000000082e00000, 0x0000000082e00000| Untracked 
|  13|0x0000000082f00000, 0x0000000082f00000, 0x0000000083000000|  0%| F|  |TAMS 0x0000000082f00000, 0x0000000082f00000| Untracked 
|  14|0x0000000083000000, 0x0000000083000000, 0x0000000083100000|  0%| F|  |TAMS 0x0000000083000000, 0x0000000083000000| Untracked 
|  15|0x0000000083100000, 0x0000000083100000, 0x0000000083200000|  0%| F|  |TAMS 0x0000000083100000, 0x0000000083100000| Untracked 
|  16|0x0000000083200000, 0x0000000083200000, 0x0000000083300000|  0%| F|  |TAMS 0x0000000083200000, 0x0000000083200000| Untracked 
|  17|0x0000000083300000, 0x0000000083300000, 0x0000000083400000|  0%| F|  |TAMS 0x0000000083300000, 0x0000000083300000| Untracked 
|  18|0x0000000083400000, 0x0000000083400000, 0x0000000083500000|  0%| F|  |TAMS 0x0000000083400000, 0x0000000083400000| Untracked 
|  19|0x0000000083500000, 0x0000000083500000, 0x0000000083600000|  0%| F|  |TAMS 0x0000000083500000, 0x0000000083500000| Untracked 
|  20|0x0000000083600000, 0x0000000083600000, 0x0000000083700000|  0%| F|  |TAMS 0x0000000083600000, 0x0000000083600000| Untracked 
|  21|0x0000000083700000, 0x0000000083700000, 0x0000000083800000|  0%| F|  |TAMS 0x0000000083700000, 0x0000000083700000| Untracked 
|  22|0x0000000083800000, 0x0000000083800000, 0x0000000083900000|  0%| F|  |TAMS 0x0000000083800000, 0x0000000083800000| Untracked 
|  23|0x0000000083900000, 0x0000000083900000, 0x0000000083a00000|  0%| F|  |TAMS 0x0000000083900000, 0x0000000083900000| Untracked 
|  24|0x0000000083a00000, 0x0000000083a00000, 0x0000000083b00000|  0%| F|  |TAMS 0x0000000083a00000, 0x0000000083a00000| Untracked 
|  25|0x0000000083b00000, 0x0000000083b00000, 0x0000000083c00000|  0%| F|  |TAMS 0x0000000083b00000, 0x0000000083b00000| Untracked 
|  26|0x0000000083c00000, 0x0000000083c00000, 0x0000000083d00000|  0%| F|  |TAMS 0x0000000083c00000, 0x0000000083c00000| Untracked 
|  27|0x0000000083d00000, 0x0000000083d00000, 0x0000000083e00000|  0%| F|  |TAMS 0x0000000083d00000, 0x0000000083d00000| Untracked 
|  28|0x0000000083e00000, 0x0000000083e00000, 0x0000000083f00000|  0%| F|  |TAMS 0x0000000083e00000, 0x0000000083e00000| Untracked 
|  29|0x0000000083f00000, 0x0000000083f00000, 0x0000000084000000|  0%| F|  |TAMS 0x0000000083f00000, 0x0000000083f00000| Untracked 
|  30|0x0000000084000000, 0x0000000084000000, 0x0000000084100000|  0%| F|  |TAMS 0x0000000084000000, 0x0000000084000000| Untracked 
|  31|0x0000000084100000, 0x0000000084100000, 0x0000000084200000|  0%| F|  |TAMS 0x0000000084100000, 0x0000000084100000| Untracked 
|  32|0x0000000084200000, 0x0000000084200000, 0x0000000084300000|  0%| F|  |TAMS 0x0000000084200000, 0x0000000084200000| Untracked 
|  33|0x0000000084300000, 0x0000000084300000, 0x0000000084400000|  0%| F|  |TAMS 0x0000000084300000, 0x0000000084300000| Untracked 
|  34|0x0000000084400000, 0x0000000084400000, 0x0000000084500000|  0%| F|  |TAMS 0x0000000084400000, 0x0000000084400000| Untracked 
|  35|0x0000000084500000, 0x0000000084500000, 0x0000000084600000|  0%| F|  |TAMS 0x0000000084500000, 0x0000000084500000| Untracked 
|  36|0x0000000084600000, 0x0000000084600000, 0x0000000084700000|  0%| F|  |TAMS 0x0000000084600000, 0x0000000084600000| Untracked 
|  37|0x0000000084700000, 0x0000000084700000, 0x0000000084800000|  0%| F|  |TAMS 0x0000000084700000, 0x0000000084700000| Untracked 
|  38|0x0000000084800000, 0x0000000084800000, 0x0000000084900000|  0%| F|  |TAMS 0x0000000084800000, 0x0000000084800000| Untracked 
|  39|0x0000000084900000, 0x0000000084900000, 0x0000000084a00000|  0%| F|  |TAMS 0x0000000084900000, 0x0000000084900000| Untracked 
|  40|0x0000000084a00000, 0x0000000084a00000, 0x0000000084b00000|  0%| F|  |TAMS 0x0000000084a00000, 0x0000000084a00000| Untracked 
|  41|0x0000000084b00000, 0x0000000084b00000, 0x0000000084c00000|  0%| F|  |TAMS 0x0000000084b00000, 0x0000000084b00000| Untracked 
|  42|0x0000000084c00000, 0x0000000084c00000, 0x0000000084d00000|  0%| F|  |TAMS 0x0000000084c00000, 0x0000000084c00000| Untracked 
|  43|0x0000000084d00000, 0x0000000084d00000, 0x0000000084e00000|  0%| F|  |TAMS 0x0000000084d00000, 0x0000000084d00000| Untracked 
|  44|0x0000000084e00000, 0x0000000084e00000, 0x0000000084f00000|  0%| F|  |TAMS 0x0000000084e00000, 0x0000000084e00000| Untracked 
|  45|0x0000000084f00000, 0x0000000084f00000, 0x0000000085000000|  0%| F|  |TAMS 0x0000000084f00000, 0x0000000084f00000| Untracked 
|  46|0x0000000085000000, 0x0000000085000000, 0x0000000085100000|  0%| F|  |TAMS 0x0000000085000000, 0x0000000085000000| Untracked 
|  47|0x0000000085100000, 0x0000000085100000, 0x0000000085200000|  0%| F|  |TAMS 0x0000000085100000, 0x0000000085100000| Untracked 
|  48|0x0000000085200000, 0x0000000085200000, 0x0000000085300000|  0%| F|  |TAMS 0x0000000085200000, 0x0000000085200000| Untracked 
|  49|0x0000000085300000, 0x0000000085300000, 0x0000000085400000|  0%| F|  |TAMS 0x0000000085300000, 0x0000000085300000| Untracked 
|  50|0x0000000085400000, 0x0000000085400000, 0x0000000085500000|  0%| F|  |TAMS 0x0000000085400000, 0x0000000085400000| Untracked 
|  51|0x0000000085500000, 0x0000000085500000, 0x0000000085600000|  0%| F|  |TAMS 0x0000000085500000, 0x0000000085500000| Untracked 
|  52|0x0000000085600000, 0x0000000085600000, 0x0000000085700000|  0%| F|  |TAMS 0x0000000085600000, 0x0000000085600000| Untracked 
|  53|0x0000000085700000, 0x0000000085700000, 0x0000000085800000|  0%| F|  |TAMS 0x0000000085700000, 0x0000000085700000| Untracked 
|  54|0x0000000085800000, 0x0000000085800000, 0x0000000085900000|  0%| F|  |TAMS 0x0000000085800000, 0x0000000085800000| Untracked 
|  55|0x0000000085900000, 0x0000000085900000, 0x0000000085a00000|  0%| F|  |TAMS 0x0000000085900000, 0x0000000085900000| Untracked 
|  56|0x0000000085a00000, 0x0000000085a00000, 0x0000000085b00000|  0%| F|  |TAMS 0x0000000085a00000, 0x0000000085a00000| Untracked 
|  57|0x0000000085b00000, 0x0000000085b00000, 0x0000000085c00000|  0%| F|  |TAMS 0x0000000085b00000, 0x0000000085b00000| Untracked 
|  58|0x0000000085c00000, 0x0000000085c00000, 0x0000000085d00000|  0%| F|  |TAMS 0x0000000085c00000, 0x0000000085c00000| Untracked 
|  59|0x0000000085d00000, 0x0000000085d00000, 0x0000000085e00000|  0%| F|  |TAMS 0x0000000085d00000, 0x0000000085d00000| Untracked 
|  60|0x0000000085e00000, 0x0000000085e00000, 0x0000000085f00000|  0%| F|  |TAMS 0x0000000085e00000, 0x0000000085e00000| Untracked 
|  61|0x0000000085f00000, 0x0000000085f00000, 0x0000000086000000|  0%| F|  |TAMS 0x0000000085f00000, 0x0000000085f00000| Untracked 
|  62|0x0000000086000000, 0x0000000086000000, 0x0000000086100000|  0%| F|  |TAMS 0x0000000086000000, 0x0000000086000000| Untracked 
|  63|0x0000000086100000, 0x0000000086100000, 0x0000000086200000|  0%| F|  |TAMS 0x0000000086100000, 0x0000000086100000| Untracked 
|  64|0x0000000086200000, 0x0000000086200000, 0x0000000086300000|  0%| F|  |TAMS 0x0000000086200000, 0x0000000086200000| Untracked 
|  65|0x0000000086300000, 0x0000000086300000, 0x0000000086400000|  0%| F|  |TAMS 0x0000000086300000, 0x0000000086300000| Untracked 
|  66|0x0000000086400000, 0x0000000086400000, 0x0000000086500000|  0%| F|  |TAMS 0x0000000086400000, 0x0000000086400000| Untracked 
|  67|0x0000000086500000, 0x0000000086500000, 0x0000000086600000|  0%| F|  |TAMS 0x0000000086500000, 0x0000000086500000| Untracked 
|  68|0x0000000086600000, 0x0000000086600000, 0x0000000086700000|  0%| F|  |TAMS 0x0000000086600000, 0x0000000086600000| Untracked 
|  69|0x0000000086700000, 0x0000000086700000, 0x0000000086800000|  0%| F|  |TAMS 0x0000000086700000, 0x0000000086700000| Untracked 
|  70|0x0000000086800000, 0x0000000086800000, 0x0000000086900000|  0%| F|  |TAMS 0x0000000086800000, 0x0000000086800000| Untracked 
|  71|0x0000000086900000, 0x0000000086900000, 0x0000000086a00000|  0%| F|  |TAMS 0x0000000086900000, 0x0000000086900000| Untracked 
|  72|0x0000000086a00000, 0x0000000086a00000, 0x0000000086b00000|  0%| F|  |TAMS 0x0000000086a00000, 0x0000000086a00000| Untracked 
|  73|0x0000000086b00000, 0x0000000086b00000, 0x0000000086c00000|  0%| F|  |TAMS 0x0000000086b00000, 0x0000000086b00000| Untracked 
|  74|0x0000000086c00000, 0x0000000086c00000, 0x0000000086d00000|  0%| F|  |TAMS 0x0000000086c00000, 0x0000000086c00000| Untracked 
|  75|0x0000000086d00000, 0x0000000086d00000, 0x0000000086e00000|  0%| F|  |TAMS 0x0000000086d00000, 0x0000000086d00000| Untracked 
|  76|0x0000000086e00000, 0x0000000086e00000, 0x0000000086f00000|  0%| F|  |TAMS 0x0000000086e00000, 0x0000000086e00000| Untracked 
|  77|0x0000000086f00000, 0x0000000086f00000, 0x0000000087000000|  0%| F|  |TAMS 0x0000000086f00000, 0x0000000086f00000| Untracked 
|  78|0x0000000087000000, 0x0000000087000000, 0x0000000087100000|  0%| F|  |TAMS 0x0000000087000000, 0x0000000087000000| Untracked 
|  79|0x0000000087100000, 0x0000000087100000, 0x0000000087200000|  0%| F|  |TAMS 0x0000000087100000, 0x0000000087100000| Untracked 
|  80|0x0000000087200000, 0x0000000087200000, 0x0000000087300000|  0%| F|  |TAMS 0x0000000087200000, 0x0000000087200000| Untracked 
|  81|0x0000000087300000, 0x0000000087300000, 0x0000000087400000|  0%| F|  |TAMS 0x0000000087300000, 0x0000000087300000| Untracked 
|  82|0x0000000087400000, 0x0000000087400000, 0x0000000087500000|  0%| F|  |TAMS 0x0000000087400000, 0x0000000087400000| Untracked 
|  83|0x0000000087500000, 0x0000000087500000, 0x0000000087600000|  0%| F|  |TAMS 0x0000000087500000, 0x0000000087500000| Untracked 
|  84|0x0000000087600000, 0x0000000087600000, 0x0000000087700000|  0%| F|  |TAMS 0x0000000087600000, 0x0000000087600000| Untracked 
|  85|0x0000000087700000, 0x0000000087700000, 0x0000000087800000|  0%| F|  |TAMS 0x0000000087700000, 0x0000000087700000| Untracked 
|  86|0x0000000087800000, 0x0000000087800000, 0x0000000087900000|  0%| F|  |TAMS 0x0000000087800000, 0x0000000087800000| Untracked 
|  87|0x0000000087900000, 0x0000000087900000, 0x0000000087a00000|  0%| F|  |TAMS 0x0000000087900000, 0x0000000087900000| Untracked 
|  88|0x0000000087a00000, 0x0000000087a00000, 0x0000000087b00000|  0%| F|  |TAMS 0x0000000087a00000, 0x0000000087a00000| Untracked 
|  89|0x0000000087b00000, 0x0000000087b00000, 0x0000000087c00000|  0%| F|  |TAMS 0x0000000087b00000, 0x0000000087b00000| Untracked 
|  90|0x0000000087c00000, 0x0000000087c00000, 0x0000000087d00000|  0%| F|  |TAMS 0x0000000087c00000, 0x0000000087c00000| Untracked 
|  91|0x0000000087d00000, 0x0000000087d00000, 0x0000000087e00000|  0%| F|  |TAMS 0x0000000087d00000, 0x0000000087d00000| Untracked 
|  92|0x0000000087e00000, 0x0000000087e00000, 0x0000000087f00000|  0%| F|  |TAMS 0x0000000087e00000, 0x0000000087e00000| Untracked 
|  93|0x0000000087f00000, 0x0000000087f00000, 0x0000000088000000|  0%| F|  |TAMS 0x0000000087f00000, 0x0000000087f00000| Untracked 
|  94|0x0000000088000000, 0x0000000088000000, 0x0000000088100000|  0%| F|  |TAMS 0x0000000088000000, 0x0000000088000000| Untracked 
|  95|0x0000000088100000, 0x0000000088100000, 0x0000000088200000|  0%| F|  |TAMS 0x0000000088100000, 0x0000000088100000| Untracked 
|  96|0x0000000088200000, 0x0000000088200000, 0x0000000088300000|  0%| F|  |TAMS 0x0000000088200000, 0x0000000088200000| Untracked 
|  97|0x0000000088300000, 0x0000000088300000, 0x0000000088400000|  0%| F|  |TAMS 0x0000000088300000, 0x0000000088300000| Untracked 
|  98|0x0000000088400000, 0x0000000088400000, 0x0000000088500000|  0%| F|  |TAMS 0x0000000088400000, 0x0000000088400000| Untracked 
|  99|0x0000000088500000, 0x0000000088500000, 0x0000000088600000|  0%| F|  |TAMS 0x0000000088500000, 0x0000000088500000| Untracked 
| 100|0x0000000088600000, 0x0000000088600000, 0x0000000088700000|  0%| F|  |TAMS 0x0000000088600000, 0x0000000088600000| Untracked 
| 101|0x0000000088700000, 0x0000000088700000, 0x0000000088800000|  0%| F|  |TAMS 0x0000000088700000, 0x0000000088700000| Untracked 
| 102|0x0000000088800000, 0x0000000088800000, 0x0000000088900000|  0%| F|  |TAMS 0x0000000088800000, 0x0000000088800000| Untracked 
| 103|0x0000000088900000, 0x0000000088900000, 0x0000000088a00000|  0%| F|  |TAMS 0x0000000088900000, 0x0000000088900000| Untracked 
| 104|0x0000000088a00000, 0x0000000088a00000, 0x0000000088b00000|  0%| F|  |TAMS 0x0000000088a00000, 0x0000000088a00000| Untracked 
| 105|0x0000000088b00000, 0x0000000088b00000, 0x0000000088c00000|  0%| F|  |TAMS 0x0000000088b00000, 0x0000000088b00000| Untracked 
| 106|0x0000000088c00000, 0x0000000088c00000, 0x0000000088d00000|  0%| F|  |TAMS 0x0000000088c00000, 0x0000000088c00000| Untracked 
| 107|0x0000000088d00000, 0x0000000088d00000, 0x0000000088e00000|  0%| F|  |TAMS 0x0000000088d00000, 0x0000000088d00000| Untracked 
| 108|0x0000000088e00000, 0x0000000088e00000, 0x0000000088f00000|  0%| F|  |TAMS 0x0000000088e00000, 0x0000000088e00000| Untracked 
| 109|0x0000000088f00000, 0x0000000088f00000, 0x0000000089000000|  0%| F|  |TAMS 0x0000000088f00000, 0x0000000088f00000| Untracked 
| 110|0x0000000089000000, 0x0000000089000000, 0x0000000089100000|  0%| F|  |TAMS 0x0000000089000000, 0x0000000089000000| Untracked 
| 111|0x0000000089100000, 0x0000000089200000, 0x0000000089200000|100%| S|CS|TAMS 0x0000000089100000, 0x0000000089100000| Complete 
| 112|0x0000000089200000, 0x0000000089300000, 0x0000000089300000|100%| S|CS|TAMS 0x0000000089200000, 0x0000000089200000| Complete 
| 113|0x0000000089300000, 0x0000000089300000, 0x0000000089400000|  0%| F|  |TAMS 0x0000000089300000, 0x0000000089300000| Untracked 
| 114|0x0000000089400000, 0x0000000089400000, 0x0000000089500000|  0%| F|  |TAMS 0x0000000089400000, 0x0000000089400000| Untracked 
| 115|0x0000000089500000, 0x0000000089500000, 0x0000000089600000|  0%| F|  |TAMS 0x0000000089500000, 0x0000000089500000| Untracked 
| 116|0x0000000089600000, 0x00000000896e37c0, 0x0000000089700000| 88%| E|  |TAMS 0x0000000089600000, 0x0000000089600000| Complete 
| 117|0x0000000089700000, 0x0000000089800000, 0x0000000089800000|100%| E|CS|TAMS 0x0000000089700000, 0x0000000089700000| Complete 
| 118|0x0000000089800000, 0x0000000089900000, 0x0000000089900000|100%| E|CS|TAMS 0x0000000089800000, 0x0000000089800000| Complete 
| 119|0x0000000089900000, 0x0000000089a00000, 0x0000000089a00000|100%| E|CS|TAMS 0x0000000089900000, 0x0000000089900000| Complete 
| 120|0x0000000089a00000, 0x0000000089b00000, 0x0000000089b00000|100%| E|CS|TAMS 0x0000000089a00000, 0x0000000089a00000| Complete 
| 121|0x0000000089b00000, 0x0000000089c00000, 0x0000000089c00000|100%| E|CS|TAMS 0x0000000089b00000, 0x0000000089b00000| Complete 
| 122|0x0000000089c00000, 0x0000000089d00000, 0x0000000089d00000|100%| E|CS|TAMS 0x0000000089c00000, 0x0000000089c00000| Complete 
| 123|0x0000000089d00000, 0x0000000089e00000, 0x0000000089e00000|100%| E|CS|TAMS 0x0000000089d00000, 0x0000000089d00000| Complete 
| 124|0x0000000089e00000, 0x0000000089f00000, 0x0000000089f00000|100%| E|CS|TAMS 0x0000000089e00000, 0x0000000089e00000| Complete 
| 125|0x0000000089f00000, 0x000000008a000000, 0x000000008a000000|100%| E|CS|TAMS 0x0000000089f00000, 0x0000000089f00000| Complete 

Card table byte_map: [0x000001cd1d9a0000,0x000001cd1dd90000] _byte_map_base: 0x000001cd1d58f000

Marking Bits (Prev, Next): (CMBitMap*) 0x000001cd04d126b0, (CMBitMap*) 0x000001cd04d126f0
 Prev Bits: [0x000001cd1e180000, 0x000001cd200f8000)
 Next Bits: [0x000001cd20100000, 0x000001cd22078000)

Polling page: 0x000001cd04d80000

Metaspace:

Usage:
  Non-class:      5.77 MB used.
      Class:    477.13 KB used.
       Both:      6.23 MB used.

Virtual space:
  Non-class space:       16.00 MB reserved,       5.81 MB ( 36%) committed,  2 nodes.
      Class space:        1.00 GB reserved,     512.00 KB ( <1%) committed,  1 nodes.
             Both:        1.02 GB reserved,       6.31 MB ( <1%) committed. 

Chunk freelists:
   Non-Class:  3.69 MB
       Class:  3.38 MB
        Both:  7.06 MB

MaxMetaspaceSize: unlimited
CompressedClassSpaceSize: 1.00 GB
Initial GC threshold: 21.00 MB
Current GC threshold: 21.00 MB
CDS: on
MetaspaceReclaimPolicy: balanced
 - commit_granule_bytes: 65536.
 - commit_granule_words: 8192.
 - virtual_space_node_default_size: 1048576.
 - enlarge_chunks_in_place: 1.
 - new_chunks_are_fully_committed: 0.
 - uncommit_free_chunks: 1.
 - use_allocation_guard: 0.
 - handle_deallocations: 1.


Internal statistics:

num_allocs_failed_limit: 0.
num_arena_births: 66.
num_arena_deaths: 0.
num_vsnodes_births: 3.
num_vsnodes_deaths: 0.
num_space_committed: 99.
num_space_uncommitted: 0.
num_chunks_returned_to_freelist: 0.
num_chunks_taken_from_freelist: 250.
num_chunk_merges: 0.
num_chunk_splits: 181.
num_chunks_enlarged: 152.
num_purges: 0.
num_inconsistent_stats: 0.

CodeHeap 'non-profiled nmethods': size=120000Kb used=412Kb max_used=412Kb free=119587Kb
 bounds [0x000001cd15a60000, 0x000001cd15cd0000, 0x000001cd1cf90000]
CodeHeap 'profiled nmethods': size=120000Kb used=1830Kb max_used=1830Kb free=118169Kb
 bounds [0x000001cd0e530000, 0x000001cd0e7a0000, 0x000001cd15a60000]
CodeHeap 'non-nmethods': size=5760Kb used=1626Kb max_used=1645Kb free=4133Kb
 bounds [0x000001cd0df90000, 0x000001cd0e200000, 0x000001cd0e530000]
 total_blobs=2123 nmethods=1061 adapters=975
 compilation: enabled
              stopped_count=0, restarted_count=0
 full_count=0

Compilation events (20 events):
Event: 2.200 Thread 0x000001cd247069e0 1051       1       com.badlogic.gdx.scenes.scene2d.Actor::getY (5 bytes)
Event: 2.200 Thread 0x000001cd247069e0 nmethod 1051 0x000001cd15ac5d90 code [0x000001cd15ac5f20, 0x000001cd15ac5ff8]
Event: 2.248 Thread 0x000001cd247069e0 1052       3       com.badlogic.gdx.utils.Array::clear (19 bytes)
Event: 2.249 Thread 0x000001cd247069e0 nmethod 1052 0x000001cd0e6f7410 code [0x000001cd0e6f75e0, 0x000001cd0e6f7a08]
Event: 2.250 Thread 0x000001cd247069e0 1053       1       java.util.Collections$EmptyList::isEmpty (2 bytes)
Event: 2.250 Thread 0x000001cd247069e0 nmethod 1053 0x000001cd15ac6090 code [0x000001cd15ac6220, 0x000001cd15ac62f8]
Event: 2.250 Thread 0x000001cd247069e0 1054       3       java.nio.ByteBuffer::position (6 bytes)
Event: 2.250 Thread 0x000001cd247069e0 nmethod 1054 0x000001cd0e6f7b90 code [0x000001cd0e6f7d40, 0x000001cd0e6f7f08]
Event: 2.251 Thread 0x000001cd247069e0 1055       3       java.util.regex.Pattern$$Lambda$14/0x0000000800c48d00::is (5 bytes)
Event: 2.251 Thread 0x000001cd247069e0 nmethod 1055 0x000001cd0e6f7f90 code [0x000001cd0e6f8140, 0x000001cd0e6f83b8]
Event: 2.251 Thread 0x000001cd247069e0 1056       3       java.util.regex.Pattern::lambda$DOT$11 (34 bytes)
Event: 2.251 Thread 0x000001cd247069e0 nmethod 1056 0x000001cd0e6f8490 code [0x000001cd0e6f8620, 0x000001cd0e6f8818]
Event: 2.251 Thread 0x000001cd247069e0 1057       3       java.util.regex.Pattern::next (33 bytes)
Event: 2.251 Thread 0x000001cd247069e0 nmethod 1057 0x000001cd0e6f8890 code [0x000001cd0e6f8a40, 0x000001cd0e6f8ca8]
Event: 2.251 Thread 0x000001cd247069e0 1058   !   3       java.nio.CharBuffer::wrap (21 bytes)
Event: 2.251 Thread 0x000001cd2469b700 1059       4       java.lang.Integer::parseInt (7 bytes)
Event: 2.252 Thread 0x000001cd247069e0 nmethod 1058 0x000001cd0e6f8e10 code [0x000001cd0e6f8fc0, 0x000001cd0e6f9258]
Event: 2.255 Thread 0x000001cd247069e0 1060       3       com.badlogic.gdx.physics.box2d.Fixture::getType (66 bytes)
Event: 2.256 Thread 0x000001cd247069e0 nmethod 1060 0x000001cd0e6f9390 code [0x000001cd0e6f9560, 0x000001cd0e6f98b8]
Event: 2.259 Thread 0x000001cd2469b700 nmethod 1059 0x000001cd15ac6790 code [0x000001cd15ac6940, 0x000001cd15ac6d38]

GC Heap History (2 events):
Event: 1.135 GC heap before
{Heap before GC invocations=0 (full 0):
 garbage-first heap   total 129024K, used 13312K [0x0000000082200000, 0x0000000100000000)
  region size 1024K, 13 young (13312K), 0 survivors (0K)
 Metaspace       used 4054K, committed 4224K, reserved 1056768K
  class space    used 283K, committed 384K, reserved 1048576K
}
Event: 1.140 GC heap after
{Heap after GC invocations=1 (full 0):
 garbage-first heap   total 129024K, used 2315K [0x0000000082200000, 0x0000000100000000)
  region size 1024K, 2 young (2048K), 2 survivors (2048K)
 Metaspace       used 4054K, committed 4224K, reserved 1056768K
  class space    used 283K, committed 384K, reserved 1048576K
}

Dll operation events (10 events):
Event: 0.011 Loaded shared library C:\Users\Steve\.jdks\corretto-17.0.5\bin\java.dll
Event: 0.025 Loaded shared library C:\Users\Steve\.jdks\corretto-17.0.5\bin\jsvml.dll
Event: 0.202 Loaded shared library C:\Users\Steve\.jdks\corretto-17.0.5\bin\net.dll
Event: 0.204 Loaded shared library C:\Users\Steve\.jdks\corretto-17.0.5\bin\nio.dll
Event: 0.208 Loaded shared library C:\Users\Steve\.jdks\corretto-17.0.5\bin\zip.dll
Event: 0.354 Loaded shared library C:\Users\Steve\.jdks\corretto-17.0.5\bin\jimage.dll
Event: 0.364 Loaded shared library C:\Users\Steve\AppData\Local\Temp\libgdxSteve\e787ab0a\gdx64.dll
Event: 0.498 Loaded shared library C:\Users\Steve\AppData\Local\Temp\lwjglSteve\3.3.1-build-7\lwjgl.dll
Event: 1.000 Loaded shared library C:\Users\Steve\AppData\Local\Temp\lwjglSteve\3.3.1-build-7\lwjgl_opengl.dll
Event: 1.699 Loaded shared library C:\Users\Steve\AppData\Local\Temp\libgdxSteve\888fe1bc\gdx-box2d64.dll

Deoptimization events (20 events):
Event: 0.495 Thread 0x000001cd04cb6b00 DEOPT PACKING pc=0x000001cd15a6d840 sp=0x0000006e882fbaf0
Event: 0.495 Thread 0x000001cd04cb6b00 DEOPT UNPACKING pc=0x000001cd0dfe23a3 sp=0x0000006e882fba78 mode 2
Event: 1.028 Thread 0x000001cd04cb6b00 DEOPT PACKING pc=0x000001cd0e55ce3e sp=0x0000006e882faa50
Event: 1.028 Thread 0x000001cd04cb6b00 DEOPT UNPACKING pc=0x000001cd0dfe2b43 sp=0x0000006e882f9ef0 mode 0
Event: 1.106 Thread 0x000001cd04cb6b00 Uncommon trap: trap_request=0xffffff5c fr.pc=0x000001cd15a9fad8 relative=0x0000000000000058
Event: 1.106 Thread 0x000001cd04cb6b00 Uncommon trap: reason=speculate_null_check action=make_not_entrant pc=0x000001cd15a9fad8 method=sun.misc.Unsafe.getLong(Ljava/lang/Object;J)J @ 5 c2
Event: 1.106 Thread 0x000001cd04cb6b00 DEOPT PACKING pc=0x000001cd15a9fad8 sp=0x0000006e882fedd0
Event: 1.106 Thread 0x000001cd04cb6b00 DEOPT UNPACKING pc=0x000001cd0dfe23a3 sp=0x0000006e882fed48 mode 2
Event: 1.775 Thread 0x000001cd04cb6b00 Uncommon trap: trap_request=0xffffff45 fr.pc=0x000001cd15abca78 relative=0x00000000000001d8
Event: 1.775 Thread 0x000001cd04cb6b00 Uncommon trap: reason=unstable_if action=reinterpret pc=0x000001cd15abca78 method=com.badlogic.gdx.graphics.g2d.SpriteBatch.draw(Lcom/badlogic/gdx/graphics/Texture;[FII)V @ 33 c2
Event: 1.775 Thread 0x000001cd04cb6b00 DEOPT PACKING pc=0x000001cd15abca78 sp=0x0000006e882fef40
Event: 1.775 Thread 0x000001cd04cb6b00 DEOPT UNPACKING pc=0x000001cd0dfe23a3 sp=0x0000006e882fef10 mode 2
Event: 1.775 Thread 0x000001cd04cb6b00 Uncommon trap: trap_request=0xffffff45 fr.pc=0x000001cd15ab440c relative=0x000000000000008c
Event: 1.775 Thread 0x000001cd04cb6b00 Uncommon trap: reason=unstable_if action=reinterpret pc=0x000001cd15ab440c method=java.lang.Math.round(F)I @ 36 c2
Event: 1.775 Thread 0x000001cd04cb6b00 DEOPT PACKING pc=0x000001cd15ab440c sp=0x0000006e882fe7f0
Event: 1.776 Thread 0x000001cd04cb6b00 DEOPT UNPACKING pc=0x000001cd0dfe23a3 sp=0x0000006e882fe770 mode 2
Event: 1.965 Thread 0x000001cd04cb6b00 DEOPT PACKING pc=0x000001cd0e6d5954 sp=0x0000006e882fee80
Event: 1.965 Thread 0x000001cd04cb6b00 DEOPT UNPACKING pc=0x000001cd0dfe2b43 sp=0x0000006e882fe2a8 mode 0
Event: 1.982 Thread 0x000001cd04cb6b00 DEOPT PACKING pc=0x000001cd0e6d5954 sp=0x0000006e882fee80
Event: 1.982 Thread 0x000001cd04cb6b00 DEOPT UNPACKING pc=0x000001cd0dfe2b43 sp=0x0000006e882fe2a8 mode 0

Classes unloaded (0 events):
No events

Classes redefined (0 events):
No events

Internal exceptions (20 events):
Event: 0.438 Thread 0x000001cd04cb6b00 Exception <a 'java/lang/NoSuchMethodError'{0x0000000089927368}: 'int java.lang.invoke.DirectMethodHandle$Holder.invokeSpecial(java.lang.Object, java.lang.Object, java.lang.Object)'> (0x0000000089927368) 
thrown [s\src\hotspot\share\interpreter\linkResolver.cpp, line 759]
Event: 0.496 Thread 0x000001cd04cb6b00 Exception <a 'sun/nio/fs/WindowsException'{0x00000000899c3e28}> (0x00000000899c3e28) 
thrown [s\src\hotspot\share\prims\jni.cpp, line 516]
Event: 0.496 Thread 0x000001cd04cb6b00 Exception <a 'sun/nio/fs/WindowsException'{0x00000000899c4378}> (0x00000000899c4378) 
thrown [s\src\hotspot\share\prims\jni.cpp, line 516]
Event: 0.513 Thread 0x000001cd04cb6b00 Exception <a 'java/lang/NoSuchMethodError'{0x0000000089804d18}: 'int java.lang.invoke.DirectMethodHandle$Holder.invokeStaticInit(java.lang.Object, java.lang.Object, int, long)'> (0x0000000089804d18) 
thrown [s\src\hotspot\share\interpreter\linkResolver.cpp, line 759]
Event: 0.515 Thread 0x000001cd04cb6b00 Exception <a 'java/lang/NoSuchMethodError'{0x000000008980a5e0}: 'java.lang.Object java.lang.invoke.DirectMethodHandle$Holder.newInvokeSpecial(java.lang.Object, java.lang.Object, int)'> (0x000000008980a5e0) 
thrown [s\src\hotspot\share\interpreter\linkResolver.cpp, line 759]
Event: 0.518 Thread 0x000001cd04cb6b00 Exception <a 'java/lang/NoSuchMethodError'{0x000000008981f010}: 'int java.lang.invoke.DirectMethodHandle$Holder.invokeStaticInit(java.lang.Object, java.lang.Object, long, long)'> (0x000000008981f010) 
thrown [s\src\hotspot\share\interpreter\linkResolver.cpp, line 759]
Event: 0.520 Thread 0x000001cd04cb6b00 Exception <a 'java/lang/NoSuchMethodError'{0x0000000089825120}: 'java.lang.Object java.lang.invoke.DirectMethodHandle$Holder.newInvokeSpecial(java.lang.Object, java.lang.Object, long)'> (0x0000000089825120) 
thrown [s\src\hotspot\share\interpreter\linkResolver.cpp, line 759]
Event: 0.520 Thread 0x000001cd04cb6b00 Exception <a 'java/lang/NoSuchMethodError'{0x0000000089829168}: 'java.lang.Object java.lang.invoke.Invokers$Holder.linkToTargetMethod(java.lang.Object, long, java.lang.Object)'> (0x0000000089829168) 
thrown [s\src\hotspot\share\interpreter\linkResolver.cpp, line 759]
Event: 0.522 Thread 0x000001cd04cb6b00 Exception <a 'java/lang/NoSuchMethodError'{0x00000000898308e8}: 'int java.lang.invoke.DirectMethodHandle$Holder.invokeStaticInit(java.lang.Object, java.lang.Object, java.lang.Object, long)'> (0x00000000898308e8) 
thrown [s\src\hotspot\share\interpreter\linkResolver.cpp, line 759]
Event: 0.554 Thread 0x000001cd04cb6b00 Exception <a 'sun/nio/fs/WindowsException'{0x00000000898e5d80}> (0x00000000898e5d80) 
thrown [s\src\hotspot\share\prims\jni.cpp, line 516]
Event: 0.554 Thread 0x000001cd04cb6b00 Exception <a 'sun/nio/fs/WindowsException'{0x00000000898e6110}> (0x00000000898e6110) 
thrown [s\src\hotspot\share\prims\jni.cpp, line 516]
Event: 0.590 Thread 0x000001cd04cb6b00 Exception <a 'sun/nio/fs/WindowsException'{0x00000000897a6a70}> (0x00000000897a6a70) 
thrown [s\src\hotspot\share\prims\jni.cpp, line 516]
Event: 0.590 Thread 0x000001cd04cb6b00 Exception <a 'sun/nio/fs/WindowsException'{0x00000000897a6dd0}> (0x00000000897a6dd0) 
thrown [s\src\hotspot\share\prims\jni.cpp, line 516]
Event: 0.659 Thread 0x000001cd04cb6b00 Exception <a 'sun/nio/fs/WindowsException'{0x00000000896521a0}> (0x00000000896521a0) 
thrown [s\src\hotspot\share\prims\jni.cpp, line 516]
Event: 0.659 Thread 0x000001cd04cb6b00 Exception <a 'sun/nio/fs/WindowsException'{0x0000000089652520}> (0x0000000089652520) 
thrown [s\src\hotspot\share\prims\jni.cpp, line 516]
Event: 0.812 Thread 0x000001cd04cb6b00 Exception <a 'java/lang/NoSuchMethodError'{0x000000008969c948}: 'java.lang.Object java.lang.invoke.DirectMethodHandle$Holder.newInvokeSpecial(java.lang.Object, long)'> (0x000000008969c948) 
thrown [s\src\hotspot\share\interpreter\linkResolver.cpp, line 759]
Event: 0.998 Thread 0x000001cd04cb6b00 Exception <a 'sun/nio/fs/WindowsException'{0x00000000895c2750}> (0x00000000895c2750) 
thrown [s\src\hotspot\share\prims\jni.cpp, line 516]
Event: 0.998 Thread 0x000001cd04cb6b00 Exception <a 'sun/nio/fs/WindowsException'{0x00000000895c2af8}> (0x00000000895c2af8) 
thrown [s\src\hotspot\share\prims\jni.cpp, line 516]
Event: 1.004 Thread 0x000001cd04cb6b00 Exception <a 'sun/nio/fs/WindowsException'{0x00000000895d1b08}> (0x00000000895d1b08) 
thrown [s\src\hotspot\share\prims\jni.cpp, line 516]
Event: 1.004 Thread 0x000001cd04cb6b00 Exception <a 'sun/nio/fs/WindowsException'{0x00000000895d1de8}> (0x00000000895d1de8) 
thrown [s\src\hotspot\share\prims\jni.cpp, line 516]

VM Operations (14 events):
Event: 0.229 Executing VM operation: HandshakeAllThreads
Event: 0.229 Executing VM operation: HandshakeAllThreads done
Event: 0.359 Executing VM operation: HandshakeAllThreads
Event: 0.359 Executing VM operation: HandshakeAllThreads done
Event: 0.434 Executing VM operation: HandshakeAllThreads
Event: 0.434 Executing VM operation: HandshakeAllThreads done
Event: 1.107 Executing VM operation: HandshakeAllThreads
Event: 1.107 Executing VM operation: HandshakeAllThreads done
Event: 1.107 Executing VM operation: Cleanup
Event: 1.107 Executing VM operation: Cleanup done
Event: 1.135 Executing VM operation: G1CollectForAllocation
Event: 1.140 Executing VM operation: G1CollectForAllocation done
Event: 1.749 Executing VM operation: HandshakeAllThreads
Event: 1.749 Executing VM operation: HandshakeAllThreads done

Events (20 events):
Event: 1.384 loading class java/lang/SecurityException
Event: 1.384 loading class java/lang/SecurityException done
Event: 1.385 loading class java/lang/reflect/InvocationTargetException
Event: 1.385 loading class java/lang/reflect/InvocationTargetException done
Event: 1.392 loading class java/util/regex/Pattern$1
Event: 1.392 loading class java/util/regex/Pattern$1 done
Event: 1.408 loading class java/lang/NegativeArraySizeException
Event: 1.408 loading class java/lang/NegativeArraySizeException done
Event: 1.408 loading class java/lang/StringIndexOutOfBoundsException
Event: 1.408 loading class java/lang/StringIndexOutOfBoundsException done
Event: 1.409 loading class java/lang/ArrayIndexOutOfBoundsException
Event: 1.409 loading class java/lang/ArrayIndexOutOfBoundsException done
Event: 1.449 loading class java/util/zip/GZIPInputStream
Event: 1.450 loading class java/util/zip/GZIPInputStream done
Event: 1.635 Thread 0x000001cd276916e0 Thread exited: 0x000001cd276916e0
Event: 1.651 loading class jdk/internal/math/FloatingDecimal$ASCIIToBinaryBuffer
Event: 1.651 loading class jdk/internal/math/FloatingDecimal$ASCIIToBinaryBuffer done
Event: 1.668 Thread 0x000001cd2761adf0 Thread added: 0x000001cd2761adf0
Event: 1.785 Thread 0x000001cd277cdd50 Thread added: 0x000001cd277cdd50
Event: 1.915 Thread 0x000001cd2761adf0 Thread exited: 0x000001cd2761adf0


Dynamic libraries:
0x00007ff7bbc50000 - 0x00007ff7bbc5d000 	C:\Users\Steve\.jdks\corretto-17.0.5\bin\java.exe
0x00007ffa5f760000 - 0x00007ffa5f969000 	C:\WINDOWS\SYSTEM32\ntdll.dll
0x00007ffa5e410000 - 0x00007ffa5e4ce000 	C:\WINDOWS\System32\KERNEL32.DLL
0x00007ffa5ccd0000 - 0x00007ffa5d04b000 	C:\WINDOWS\System32\KERNELBASE.dll
0x00007ffa5d110000 - 0x00007ffa5d221000 	C:\WINDOWS\System32\ucrtbase.dll
0x00007ffa4de00000 - 0x00007ffa4de17000 	C:\Users\Steve\.jdks\corretto-17.0.5\bin\jli.dll
0x00007ffa5e200000 - 0x00007ffa5e3ad000 	C:\WINDOWS\System32\USER32.dll
0x00007ffa5cca0000 - 0x00007ffa5ccc6000 	C:\WINDOWS\System32\win32u.dll
0x00007ffa5d700000 - 0x00007ffa5d729000 	C:\WINDOWS\System32\GDI32.dll
0x00007ffa52910000 - 0x00007ffa52925000 	C:\Users\Steve\.jdks\corretto-17.0.5\bin\VCRUNTIME140.dll
0x00007ffa5d230000 - 0x00007ffa5d348000 	C:\WINDOWS\System32\gdi32full.dll
0x00007ffa5d540000 - 0x00007ffa5d5dd000 	C:\WINDOWS\System32\msvcp_win.dll
0x00007ffa4b2b0000 - 0x00007ffa4b555000 	C:\WINDOWS\WinSxS\amd64_microsoft.windows.common-controls_6595b64144ccf1df_6.0.22000.120_none_9d947278b86cc467\COMCTL32.dll
0x00007ffa5db00000 - 0x00007ffa5dba3000 	C:\WINDOWS\System32\msvcrt.dll
0x00007ffa5dac0000 - 0x00007ffa5daf2000 	C:\WINDOWS\System32\IMM32.DLL
0x00007ffa27eb0000 - 0x00007ffa27f4b000 	C:\Users\Steve\.jdks\corretto-17.0.5\bin\msvcp140.dll
0x00007ff9f7f30000 - 0x00007ff9f8b44000 	C:\Users\Steve\.jdks\corretto-17.0.5\bin\server\jvm.dll
0x00007ffa5f430000 - 0x00007ffa5f4de000 	C:\WINDOWS\System32\ADVAPI32.dll
0x00007ffa5f680000 - 0x00007ffa5f71e000 	C:\WINDOWS\System32\sechost.dll
0x00007ffa5d5e0000 - 0x00007ffa5d700000 	C:\WINDOWS\System32\RPCRT4.dll
0x00007ffa43800000 - 0x00007ffa43809000 	C:\WINDOWS\SYSTEM32\WSOCK32.dll
0x00007ffa5e6a0000 - 0x00007ffa5e70f000 	C:\WINDOWS\System32\WS2_32.dll
0x00007ffa55e50000 - 0x00007ffa55e83000 	C:\WINDOWS\SYSTEM32\WINMM.dll
0x00007ffa53e50000 - 0x00007ffa53e5a000 	C:\WINDOWS\SYSTEM32\VERSION.dll
0x00007ffa5bcb0000 - 0x00007ffa5bcc8000 	C:\WINDOWS\SYSTEM32\kernel.appcore.dll
0x00007ffa4dd10000 - 0x00007ffa4dd1a000 	C:\Users\Steve\.jdks\corretto-17.0.5\bin\jimage.dll
0x00007ffa5a960000 - 0x00007ffa5ab81000 	C:\WINDOWS\SYSTEM32\DBGHELP.DLL
0x00007ffa427d0000 - 0x00007ffa42801000 	C:\WINDOWS\SYSTEM32\dbgcore.DLL
0x00007ffa5d350000 - 0x00007ffa5d3cf000 	C:\WINDOWS\System32\bcryptPrimitives.dll
0x00007ffa3eed0000 - 0x00007ffa3eef5000 	C:\Users\Steve\.jdks\corretto-17.0.5\bin\java.dll
0x00007ffa25b70000 - 0x00007ffa25c46000 	C:\Users\Steve\.jdks\corretto-17.0.5\bin\jsvml.dll
0x00007ffa5ec70000 - 0x00007ffa5f428000 	C:\WINDOWS\System32\SHELL32.dll
0x00007ffa5ad20000 - 0x00007ffa5b585000 	C:\WINDOWS\SYSTEM32\windows.storage.dll
0x00007ffa5e8e0000 - 0x00007ffa5ec58000 	C:\WINDOWS\System32\combase.dll
0x00007ffa5abb0000 - 0x00007ffa5ad16000 	C:\WINDOWS\SYSTEM32\wintypes.dll
0x00007ffa5e7f0000 - 0x00007ffa5e8da000 	C:\WINDOWS\System32\SHCORE.dll
0x00007ffa5e790000 - 0x00007ffa5e7ed000 	C:\WINDOWS\System32\shlwapi.dll
0x00007ffa5cb60000 - 0x00007ffa5cb81000 	C:\WINDOWS\SYSTEM32\profapi.dll
0x00007ffa46a90000 - 0x00007ffa46aa9000 	C:\Users\Steve\.jdks\corretto-17.0.5\bin\net.dll
0x00007ffa55b40000 - 0x00007ffa55c54000 	C:\WINDOWS\SYSTEM32\WINHTTP.dll
0x00007ffa5c150000 - 0x00007ffa5c1b7000 	C:\WINDOWS\system32\mswsock.dll
0x00007ffa456a0000 - 0x00007ffa456b5000 	C:\Users\Steve\.jdks\corretto-17.0.5\bin\nio.dll
0x00007ffa431d0000 - 0x00007ffa431e8000 	C:\Users\Steve\.jdks\corretto-17.0.5\bin\zip.dll
0x000000006de30000 - 0x000000006de59000 	C:\Users\Steve\AppData\Local\Temp\libgdxSteve\e787ab0a\gdx64.dll
0x00007ffa45440000 - 0x00007ffa454b5000 	C:\Users\Steve\AppData\Local\Temp\lwjglSteve\3.3.1-build-7\lwjgl.dll
0x00007ffa19360000 - 0x00007ffa195b9000 	C:\Users\Steve\AppData\Local\Temp\lwjglSteve\3.3.1-build-7\jemalloc.dll
0x00007ffa3fe90000 - 0x00007ffa3fef1000 	C:\Users\Steve\AppData\Local\Temp\lwjglSteve\3.3.1-build-7\glfw.dll
0x00007ffa503c0000 - 0x00007ffa50405000 	C:\WINDOWS\SYSTEM32\dinput8.dll
0x00007ffa52930000 - 0x00007ffa52941000 	C:\WINDOWS\SYSTEM32\xinput1_4.dll
0x00007ffa5c880000 - 0x00007ffa5c8cc000 	C:\WINDOWS\SYSTEM32\cfgmgr32.dll
0x00007ffa5c8d0000 - 0x00007ffa5c8fc000 	C:\WINDOWS\SYSTEM32\DEVOBJ.dll
0x00007ffa5a400000 - 0x00007ffa5a42f000 	C:\WINDOWS\SYSTEM32\dwmapi.dll
0x00007ffa59f90000 - 0x00007ffa5a03c000 	C:\WINDOWS\system32\uxtheme.dll
0x00007ffa4e350000 - 0x00007ffa4e519000 	C:\WINDOWS\SYSTEM32\inputhost.dll
0x00007ffa599f0000 - 0x00007ffa59b21000 	C:\WINDOWS\SYSTEM32\CoreMessaging.dll
0x00007ffa5d9a0000 - 0x00007ffa5dabd000 	C:\WINDOWS\System32\MSCTF.dll
0x00007ffa1c030000 - 0x00007ffa1c1c7000 	C:\Users\Steve\AppData\Local\Temp\lwjglSteve\3.3.1-build-7\OpenAL.dll
0x00007ffa5f4e0000 - 0x00007ffa5f67a000 	C:\WINDOWS\System32\ole32.dll
0x00007ffa5c390000 - 0x00007ffa5c39c000 	C:\WINDOWS\SYSTEM32\CRYPTBASE.DLL
0x00007ffa5d7b0000 - 0x00007ffa5d865000 	C:\WINDOWS\System32\clbcatq.dll
0x00007ffa52e50000 - 0x00007ffa52eeb000 	C:\WINDOWS\System32\MMDevApi.dll
0x00007ffa4bd50000 - 0x00007ffa4bf23000 	C:\WINDOWS\SYSTEM32\AUDIOSES.DLL
0x00007ffa5a1c0000 - 0x00007ffa5a1d5000 	C:\WINDOWS\SYSTEM32\resourcepolicyclient.dll
0x00007ffa5ca50000 - 0x00007ffa5ca9d000 	C:\WINDOWS\SYSTEM32\powrprof.dll
0x00007ffa5c940000 - 0x00007ffa5c953000 	C:\WINDOWS\SYSTEM32\UMPDC.dll
0x00007ffa4acb0000 - 0x00007ffa4adb1000 	C:\WINDOWS\SYSTEM32\opengl32.dll
0x00007ffa4d380000 - 0x00007ffa4d3ad000 	C:\WINDOWS\SYSTEM32\GLU32.dll
0x00007ffa5a080000 - 0x00007ffa5a0b8000 	C:\WINDOWS\SYSTEM32\dxcore.dll
0x00007ffa58160000 - 0x00007ffa581a4000 	C:\WINDOWS\SYSTEM32\directxdatabasehelper.dll
0x00007ffa5bcd0000 - 0x00007ffa5bd04000 	C:\WINDOWS\SYSTEM32\ntmarta.dll
0x00007ffa55a00000 - 0x00007ffa55b34000 	C:\Windows\System32\AppXDeploymentClient.dll
0x00007ffa54b70000 - 0x00007ffa54d60000 	C:\WINDOWS\SYSTEM32\urlmon.dll
0x00007ffa54070000 - 0x00007ffa54323000 	C:\Windows\System32\iertutil.dll
0x00007ffa54a40000 - 0x00007ffa54a68000 	C:\Windows\System32\srvcli.dll
0x00007ffa5b8f0000 - 0x00007ffa5b8fc000 	C:\Windows\System32\netutils.dll
0x00007ff9e1fe0000 - 0x00007ff9e2d3f000 	C:\WINDOWS\System32\DriverStore\FileRepository\igdlh64.inf_amd64_b9b9c39e4e2b88eb\ig9icd64.dll
0x00007ffa59010000 - 0x00007ffa59024000 	C:\WINDOWS\SYSTEM32\WTSAPI32.dll
0x00007ffa4e520000 - 0x00007ffa4f67e000 	C:\WINDOWS\System32\DriverStore\FileRepository\igdlh64.inf_amd64_b9b9c39e4e2b88eb\igc64.dll
0x00007ffa5a0c0000 - 0x00007ffa5a1b3000 	C:\WINDOWS\SYSTEM32\dxgi.dll
0x00007ffa54e30000 - 0x00007ffa550b0000 	C:\WINDOWS\SYSTEM32\d3d11.dll
0x00007ffa504d0000 - 0x00007ffa51c15000 	C:\WINDOWS\System32\DriverStore\FileRepository\igdlh64.inf_amd64_b9b9c39e4e2b88eb\igd10iumd64.dll
0x00007ffa5c520000 - 0x00007ffa5c547000 	C:\WINDOWS\SYSTEM32\bcrypt.dll
0x00007ffa5c4f0000 - 0x00007ffa5c518000 	C:\WINDOWS\SYSTEM32\ncrypt.dll
0x00007ffa59e30000 - 0x00007ffa59ec2000 	C:\WINDOWS\SYSTEM32\apphelp.dll
0x00007ffa5c4b0000 - 0x00007ffa5c4e7000 	C:\WINDOWS\SYSTEM32\NTASN1.dll
0x00007ffa3fcf0000 - 0x00007ffa3fd4d000 	C:\Users\Steve\AppData\Local\Temp\lwjglSteve\3.3.1-build-7\lwjgl_opengl.dll
0x00007ffa4b5d0000 - 0x00007ffa4b6fd000 	C:\WINDOWS\SYSTEM32\textinputframework.dll
0x00007ffa5e110000 - 0x00007ffa5e1e6000 	C:\WINDOWS\System32\OLEAUT32.dll
0x00007ffa56a70000 - 0x00007ffa56ddd000 	C:\WINDOWS\SYSTEM32\CoreUIComponents.dll
0x000000006ddd0000 - 0x000000006de2a000 	C:\Users\Steve\AppData\Local\Temp\libgdxSteve\888fe1bc\gdx-box2d64.dll

dbghelp: loaded successfully - version: 4.0.5 - missing functions: none
symbol engine: initialized successfully - sym options: 0x614 - pdb path: .;C:\Users\Steve\.jdks\corretto-17.0.5\bin;C:\WINDOWS\SYSTEM32;C:\WINDOWS\WinSxS\amd64_microsoft.windows.common-controls_6595b64144ccf1df_6.0.22000.120_none_9d947278b86cc467;C:\Users\Steve\.jdks\corretto-17.0.5\bin\server;C:\Users\Steve\AppData\Local\Temp\libgdxSteve\e787ab0a;C:\Users\Steve\AppData\Local\Temp\lwjglSteve\3.3.1-build-7;C:\WINDOWS\System32\DriverStore\FileRepository\igdlh64.inf_amd64_b9b9c39e4e2b88eb;C:\Users\Steve\AppData\Local\Temp\libgdxSteve\888fe1bc

VM Arguments:
jvm_args: -Dfile.encoding=windows-1252 -Duser.country=IN -Duser.language=en -Duser.variant 
java_command: com.prototype.game.DesktopLauncher
java_class_path (initial): C:\Users\Steve\TenkStars\desktop\build\classes\java\main;C:\Users\Steve\TenkStars\desktop\build\resources\main;C:\Users\Steve\.gradle\caches\modules-2\files-2.1\com.badlogicgames.gdx\gdx-backend-lwjgl3\1.11.0\58a96db4cd349be4292d547856aa1e1c5f065f4e\gdx-backend-lwjgl3-1.11.0.jar;C:\Users\Steve\.gradle\caches\modules-2\files-2.1\com.badlogicgames.gdx\gdx-platform\1.11.0\697fb13eada6d3c6ca648c9788692b0159add126\gdx-platform-1.11.0-natives-desktop.jar;C:\Users\Steve\.gradle\caches\modules-2\files-2.1\com.badlogicgames.gdx\gdx-bullet-platform\1.11.0\2c067b913a306ba26d482075297538ad91cdb88b\gdx-bullet-platform-1.11.0-natives-desktop.jar;C:\Users\Steve\.gradle\caches\modules-2\files-2.1\com.badlogicgames.gdx\gdx-freetype-platform\1.11.0\420e2c2c206843a0d51010be28a141a1eb946235\gdx-freetype-platform-1.11.0-natives-desktop.jar;C:\Users\Steve\.gradle\caches\modules-2\files-2.1\com.badlogicgames.gdx\gdx-box2d-platform\1.11.0\62ff9baa1e57a11e0a4428a38c9660bf9f312fdc\gdx-box2d-platform-1.11.0-natives-desktop.jar;C:\Users\Steve\.gradle\caches\modules-2\files-2.1\com.badlogicgames.gdx-controllers\gdx-controllers-desktop\2.2.1\cb3430c32468a090eca54d494d16bb3764ceff9b\gdx-controllers-desktop-2.2.1.jar;C:\Users\Steve\TenkStars\core\build\libs\core-1.0.jar;C:\Users\Steve\.gradle\caches\modules-2\files-2.1\com.badlogicgames.gdx-controllers\gdx-controllers-core\2.2.1\8aca0dc002a8daf6a6d28f49c44e25189dd93fd7\gdx-controllers-core-2.2.1.jar;C:\Users\Steve\.gradle\caches\modules-2\files-2.1\com.badlogicgames.gdx\gdx-bullet\1.11.0\1eb83845fa655e7e8ab6bbb979d28b0502ad3302\gdx-bullet-1.11.0.jar;C:\Users\Steve\.gradle\caches\modules-2\files-2.1\com.badlogicgames.gdx\gdx-freetype\1.11.0\a3634ad2e6c56d251268d6ab5c0f66eee2841f2c\gdx-freetype-1.11.0.jar;C:\Users\Steve\.gradle\caches\modules-2\files-2.1\com.badlogicgames.ashley\ashley\1.7.4\21a3a8932919099c4e5006a7d8378dcbe76ef8a5\ashley-1.7.4.jar;C:\Users\Steve\.gradle\caches\modules-2\files-2.1\com.badlogicgames.gdx\g
Launcher Type: SUN_STANDARD

[Global flags]
     intx CICompilerCount                          = 3                                         {product} {ergonomic}
     uint ConcGCThreads                            = 1                                         {product} {ergonomic}
     uint G1ConcRefinementThreads                  = 4                                         {product} {ergonomic}
   size_t G1HeapRegionSize                         = 1048576                                   {product} {ergonomic}
    uintx GCDrainStackTargetSize                   = 64                                        {product} {ergonomic}
   size_t InitialHeapSize                          = 132120576                                 {product} {ergonomic}
   size_t MarkStackSize                            = 4194304                                   {product} {ergonomic}
   size_t MaxHeapSize                              = 2111832064                                {product} {ergonomic}
   size_t MaxNewSize                               = 1266679808                                {product} {ergonomic}
   size_t MinHeapDeltaBytes                        = 1048576                                   {product} {ergonomic}
   size_t MinHeapSize                              = 8388608                                   {product} {ergonomic}
    uintx NonNMethodCodeHeapSize                   = 5832780                                {pd product} {ergonomic}
    uintx NonProfiledCodeHeapSize                  = 122912730                              {pd product} {ergonomic}
    uintx ProfiledCodeHeapSize                     = 122912730                              {pd product} {ergonomic}
    uintx ReservedCodeCacheSize                    = 251658240                              {pd product} {ergonomic}
     bool SegmentedCodeCache                       = true                                      {product} {ergonomic}
   size_t SoftMaxHeapSize                          = 2111832064                             {manageable} {ergonomic}
     bool UseCompressedClassPointers               = true                           {product lp64_product} {ergonomic}
     bool UseCompressedOops                        = true                           {product lp64_product} {ergonomic}
     bool UseG1GC                                  = true                                      {product} {ergonomic}
     bool UseLargePagesIndividualAllocation        = false                                  {pd product} {ergonomic}

Logging:
Log output configuration:
 #0: stdout all=warning uptime,level,tags
 #1: stderr all=off uptime,level,tags

Environment Variables:
PATH=C:\Program Files\Common Files\Oracle\Java\javapath;C:\Program Files\Java\jdk-17.0.5\bin;C:\msys64\mingw64\bin;C:\Program Files (x86)\Intel\Intel(R) Management Engine Components\iCLS\;C:\Program Files\Intel\Intel(R) Management Engine Components\iCLS\;C:\Program Files (x86)\NVIDIA Corporation\PhysX\Common;C:\WINDOWS\system32;C:\WINDOWS;C:\WINDOWS\System32\Wbem;C:\WINDOWS\System32\WindowsPowerShell\v1.0\;C:\Program Files (x86)\ATI Technologies\ATI.ACE\Core-Static;C:\Program Files (x86)\GtkSharp\2.12\bin;C:\Program Files\Intel\WiFi\bin\;C:\Program Files\Common Files\Intel\WirelessCommon\;C:\WINDOWS\System32\OpenSSH\;c:\Program Files (x86)\Intel\Intel(R) Management Engine Components\DAL;c:\Program Files\Intel\Intel(R) Management Engine Components\DAL;c:\Program Files (x86)\Intel\Intel(R) Management Engine Components\IPT;c:\Program Files\Intel\Intel(R) Management Engine Components\IPT;C:\Program Files\Microsoft VS Code\bin;C:\Program Files\Microsoft SQL Server\130\Tools\Binn\;C:\ProgramData\chocolatey\bin;C:\Program Files\Git\cmd;C:\Users\Steve\AppData\Local\Programs\Python\Python310\Scripts\;C:\Users\Steve\AppData\Local\Programs\Python\Python310\;C:\src\flutter\bin;C:\Program Files\JetBrains\IntelliJ IDEA Community Edition 2022.2.1\bin;
USERNAME=Steve
OS=Windows_NT
PROCESSOR_IDENTIFIER=Intel64 Family 6 Model 78 Stepping 3, GenuineIntel
TMP=C:\Users\Steve\AppData\Local\Temp
TEMP=C:\Users\Steve\AppData\Local\Temp



---------------  S Y S T E M  ---------------

OS:
 Windows 11 , 64 bit Build 22000 (10.0.22000.1219)
OS uptime: 7 days 4:12 hours

CPU: total 4 (initial active 4) (2 cores per cpu, 2 threads per core) family 6 model 78 stepping 3 microcode 0xd6, cx8, cmov, fxsr, ht, mmx, 3dnowpref, sse, sse2, sse3, ssse3, sse4.1, sse4.2, popcnt, lzcnt, tsc, tscinvbit, avx, avx2, aes, erms, clmul, bmi1, bmi2, adx, fma, vzeroupper, clflush, clflushopt

Memory: 4k page, system-wide physical 8050M (1402M free)
TotalPageFile size 11917M (AvailPageFile size 2008M)
current process WorkingSet (physical memory assigned to process): 138M, peak: 144M
current process commit charge ("private bytes"): 282M, peak: 289M

vm_info: OpenJDK 64-Bit Server VM (17.0.5+8-LTS) for windows-amd64 JRE (17.0.5+8-LTS), built on Oct 13 2022 05:18:14 by "Administrator" with MS VC++ 15.9 (VS2017)

END.
